{
  "RSpec": {
    "coverage": {
      "/Users/anthonyzullo/Desktop/code/ticketee/app/controllers/application_controller.rb": [
        1,
        1,
        null
      ],
      "/Users/anthonyzullo/Desktop/code/ticketee/app/helpers/application_helper.rb": [
        1,
        1,
        1,
        1,
        1,
        null,
        null,
        null,
        null
      ],
      "/Users/anthonyzullo/Desktop/code/ticketee/app/helpers/projects_helper.rb": [
        1,
        null
      ],
      "/Users/anthonyzullo/Desktop/code/ticketee/app/helpers/tickets_helper.rb": [
        1,
        null
      ],
      "/Users/anthonyzullo/Desktop/code/ticketee/app/controllers/projects_controller.rb": [
        1,
        null,
        1,
        null,
        null,
        null,
        null,
        1,
        13,
        null,
        null,
        1,
        2,
        null,
        null,
        1,
        2,
        2,
        1,
        1,
        null,
        1,
        1,
        null,
        null,
        null,
        1,
        null,
        null,
        1,
        null,
        null,
        1,
        null,
        0,
        0,
        0,
        null,
        0,
        0,
        null,
        null,
        null,
        1,
        0,
        0,
        0,
        null,
        null,
        1,
        null,
        1,
        2,
        null,
        1,
        1,
        null,
        null
      ],
      "/Users/anthonyzullo/Desktop/code/ticketee/app/models/project.rb": [
        1,
        1,
        null,
        1,
        1,
        null
      ],
      "/Users/anthonyzullo/Desktop/code/ticketee/app/controllers/tickets_controller.rb": [
        1,
        1,
        1,
        null,
        1,
        0,
        null,
        null,
        1,
        null,
        null,
        1,
        0,
        0,
        0,
        null,
        0,
        0,
        null,
        null,
        null,
        1,
        0,
        0,
        0,
        null,
        null,
        1,
        0,
        0,
        0,
        0,
        null,
        0,
        0,
        null,
        null,
        null,
        1,
        null,
        null,
        null,
        1,
        null,
        1,
        0,
        null,
        null,
        1,
        0,
        null,
        null,
        null
      ],
      "/Users/anthonyzullo/Desktop/code/ticketee/app/models/ticket.rb": [
        1,
        1,
        1,
        1,
        null,
        null,
        1,
        null,
        null
      ]
    },
    "timestamp": 1368556080
  }
}
